{"/Users/mingyuezhang/Desktop/study/yidengxuexi/my-test-spa/src/utils/index.ts": {"path":"/Users/mingyuezhang/Desktop/study/yidengxuexi/my-test-spa/src/utils/index.ts","statementMap":{"0":{"start":{"line":1,"column":13},"end":{"line":1,"column":70}},"1":{"start":{"line":1,"column":70},"end":{"line":1,"column":184}},"2":{"start":{"line":1,"column":154},"end":{"line":1,"column":180}},"3":{"start":{"line":1,"column":210},"end":{"line":1,"column":563}},"4":{"start":{"line":1,"column":248},"end":{"line":1,"column":269}},"5":{"start":{"line":1,"column":260},"end":{"line":1,"column":269}},"6":{"start":{"line":1,"column":269},"end":{"line":1,"column":326}},"7":{"start":{"line":1,"column":311},"end":{"line":1,"column":325}},"8":{"start":{"line":1,"column":345},"end":{"line":1,"column":394}},"9":{"start":{"line":1,"column":407},"end":{"line":1,"column":440}},"10":{"start":{"line":1,"column":451},"end":{"line":1,"column":481}},"11":{"start":{"line":1,"column":495},"end":{"line":1,"column":527}},"12":{"start":{"line":1,"column":528},"end":{"line":1,"column":562}}},"fnMap":{"0":{"name":"(anonymous_0)","decl":{"start":{"line":1,"column":143},"end":{"line":1,"column":144}},"loc":{"start":{"line":1,"column":153},"end":{"line":1,"column":181}},"line":1},"1":{"name":"(anonymous_1)","decl":{"start":{"line":1,"column":210},"end":{"line":1,"column":211}},"loc":{"start":{"line":1,"column":247},"end":{"line":1,"column":563}},"line":1}},"branchMap":{"0":{"loc":{"start":{"line":1,"column":219},"end":{"line":1,"column":232}},"type":"default-arg","locations":[{"start":{"line":1,"column":231},"end":{"line":1,"column":232}}],"line":1},"1":{"loc":{"start":{"line":1,"column":233},"end":{"line":1,"column":244}},"type":"default-arg","locations":[{"start":{"line":1,"column":243},"end":{"line":1,"column":244}}],"line":1},"2":{"loc":{"start":{"line":1,"column":248},"end":{"line":1,"column":269}},"type":"if","locations":[{"start":{"line":1,"column":248},"end":{"line":1,"column":269}},{"start":{},"end":{}}],"line":1},"3":{"loc":{"start":{"line":1,"column":269},"end":{"line":1,"column":326}},"type":"if","locations":[{"start":{"line":1,"column":269},"end":{"line":1,"column":326}},{"start":{},"end":{}}],"line":1},"4":{"loc":{"start":{"line":1,"column":345},"end":{"line":1,"column":394}},"type":"cond-expr","locations":[{"start":{"line":1,"column":370},"end":{"line":1,"column":386}},{"start":{"line":1,"column":387},"end":{"line":1,"column":394}}],"line":1},"5":{"loc":{"start":{"line":1,"column":495},"end":{"line":1,"column":527}},"type":"cond-expr","locations":[{"start":{"line":1,"column":520},"end":{"line":1,"column":524}},{"start":{"line":1,"column":525},"end":{"line":1,"column":527}}],"line":1}},"s":{"0":1,"1":1,"2":2,"3":1,"4":2,"5":0,"6":2,"7":0,"8":2,"9":2,"10":2,"11":2,"12":2},"f":{"0":2,"1":2},"b":{"0":[2],"1":[2],"2":[0,2],"3":[0,2],"4":[2,0],"5":[2,0]},"inputSourceMap":{"0":"{","1":"\"","2":"v","3":"e","4":"r","5":"s","6":"i","7":"o","8":"n","9":"\"","10":":","11":"3","12":",","13":"\"","14":"s","15":"o","16":"u","17":"r","18":"c","19":"e","20":"s","21":"\"","22":":","23":"[","24":"\"","25":"/","26":"U","27":"s","28":"e","29":"r","30":"s","31":"/","32":"m","33":"i","34":"n","35":"g","36":"y","37":"u","38":"e","39":"z","40":"h","41":"a","42":"n","43":"g","44":"/","45":"D","46":"e","47":"s","48":"k","49":"t","50":"o","51":"p","52":"/","53":"s","54":"t","55":"u","56":"d","57":"y","58":"/","59":"y","60":"i","61":"d","62":"e","63":"n","64":"g","65":"x","66":"u","67":"e","68":"x","69":"i","70":"/","71":"m","72":"y","73":"-","74":"t","75":"e","76":"s","77":"t","78":"-","79":"s","80":"p","81":"a","82":"/","83":"s","84":"r","85":"c","86":"/","87":"u","88":"t","89":"i","90":"l","91":"s","92":"/","93":"i","94":"n","95":"d","96":"e","97":"x","98":".","99":"t","100":"s","101":"\"","102":"]","103":",","104":"\"","105":"s","106":"o","107":"u","108":"r","109":"c","110":"e","111":"s","112":"C","113":"o","114":"n","115":"t","116":"e","117":"n","118":"t","119":"\"","120":":","121":"[","122":"\"","123":"/","124":"/","125":" ","126":"W","127":"e","128":"b","129":"3","130":" ","131":"E","132":"V","133":"M","134":" ","135":"钱","136":"包","137":"地","138":"址","139":"格","140":"式","141":"化","142":"函","143":"数","144":"\\","145":"n","146":"e","147":"x","148":"p","149":"o","150":"r","151":"t","152":" ","153":"c","154":"o","155":"n","156":"s","157":"t","158":" ","159":"f","160":"o","161":"r","162":"m","163":"a","164":"t","165":"W","166":"a","167":"l","168":"l","169":"e","170":"t","171":"A","172":"d","173":"d","174":"r","175":"e","176":"s","177":"s","178":" ","179":"=","180":" ","181":"(","182":"\\","183":"n","184":" ","185":" ","186":"a","187":"d","188":"d","189":"r","190":"e","191":"s","192":"s","193":":","194":" ","195":"s","196":"t","197":"r","198":"i","199":"n","200":"g","201":",","202":"\\","203":"n","204":" ","205":" ","206":"s","207":"t","208":"a","209":"r","210":"t","211":"L","212":"e","213":"n","214":"g","215":"t","216":"h","217":":","218":" ","219":"n","220":"u","221":"m","222":"b","223":"e","224":"r","225":" ","226":"=","227":" ","228":"6","229":",","230":"\\","231":"n","232":" ","233":" ","234":"e","235":"n","236":"d","237":"L","238":"e","239":"n","240":"g","241":"t","242":"h","243":":","244":" ","245":"n","246":"u","247":"m","248":"b","249":"e","250":"r","251":" ","252":"=","253":" ","254":"4","255":",","256":"\\","257":"n","258":")","259":":","260":" ","261":"s","262":"t","263":"r","264":"i","265":"n","266":"g","267":" ","268":"=","269":">","270":" ","271":"{","272":"\\","273":"n","274":" ","275":" ","276":"i","277":"f","278":" ","279":"(","280":"!","281":"a","282":"d","283":"d","284":"r","285":"e","286":"s","287":"s","288":")","289":" ","290":"r","291":"e","292":"t","293":"u","294":"r","295":"n","296":" ","297":"'","298":"'","299":";","300":"\\","301":"n","302":" ","303":" ","304":"/","305":"/","306":" ","307":"检","308":"查","309":"地","310":"址","311":"长","312":"度","313":"是","314":"否","315":"足","316":"够","317":"进","318":"行","319":"格","320":"式","321":"化","322":"\\","323":"n","324":" ","325":" ","326":"i","327":"f","328":" ","329":"(","330":"a","331":"d","332":"d","333":"r","334":"e","335":"s","336":"s","337":".","338":"l","339":"e","340":"n","341":"g","342":"t","343":"h","344":" ","345":"<","346":"=","347":" ","348":"s","349":"t","350":"a","351":"r","352":"t","353":"L","354":"e","355":"n","356":"g","357":"t","358":"h","359":" ","360":"+","361":" ","362":"e","363":"n","364":"d","365":"L","366":"e","367":"n","368":"g","369":"t","370":"h","371":")","372":" ","373":"{","374":"\\","375":"n","376":" ","377":" ","378":" ","379":" ","380":"r","381":"e","382":"t","383":"u","384":"r","385":"n","386":" ","387":"a","388":"d","389":"d","390":"r","391":"e","392":"s","393":"s","394":";","395":"\\","396":"n","397":" ","398":" ","399":"}","400":"\\","401":"n","402":" ","403":" ","404":"/","405":"/","406":" ","407":"移","408":"除","409":"可","410":"能","411":"的","412":"前","413":"缀","414":"\\","415":"n","416":" ","417":" ","418":"c","419":"o","420":"n","421":"s","422":"t","423":" ","424":"c","425":"l","426":"e","427":"a","428":"n","429":"A","430":"d","431":"d","432":"r","433":"e","434":"s","435":"s","436":" ","437":"=","438":" ","439":"a","440":"d","441":"d","442":"r","443":"e","444":"s","445":"s","446":".","447":"s","448":"t","449":"a","450":"r","451":"t","452":"s","453":"W","454":"i","455":"t","456":"h","457":"(","458":"'","459":"0","460":"x","461":"'","462":")","463":" ","464":"?","465":" ","466":"a","467":"d","468":"d","469":"r","470":"e","471":"s","472":"s","473":".","474":"s","475":"l","476":"i","477":"c","478":"e","479":"(","480":"2","481":")","482":" ","483":":","484":" ","485":"a","486":"d","487":"d","488":"r","489":"e","490":"s","491":"s","492":";","493":"\\","494":"n","495":" ","496":" ","497":"/","498":"/","499":" ","500":"获","501":"取","502":"起","503":"始","504":"和","505":"结","506":"束","507":"部","508":"分","509":"\\","510":"n","511":" ","512":" ","513":"c","514":"o","515":"n","516":"s","517":"t","518":" ","519":"s","520":"t","521":"a","522":"r","523":"t","524":" ","525":"=","526":" ","527":"c","528":"l","529":"e","530":"a","531":"n","532":"A","533":"d","534":"d","535":"r","536":"e","537":"s","538":"s","539":".","540":"s","541":"l","542":"i","543":"c","544":"e","545":"(","546":"0","547":",","548":" ","549":"s","550":"t","551":"a","552":"r","553":"t","554":"L","555":"e","556":"n","557":"g","558":"t","559":"h","560":")","561":";","562":"\\","563":"n","564":" ","565":" ","566":"c","567":"o","568":"n","569":"s","570":"t","571":" ","572":"e","573":"n","574":"d","575":" ","576":"=","577":" ","578":"c","579":"l","580":"e","581":"a","582":"n","583":"A","584":"d","585":"d","586":"r","587":"e","588":"s","589":"s","590":".","591":"s","592":"l","593":"i","594":"c","595":"e","596":"(","597":"-","598":"e","599":"n","600":"d","601":"L","602":"e","603":"n","604":"g","605":"t","606":"h","607":")","608":";","609":"\\","610":"n","611":" ","612":" ","613":"/","614":"/","615":" ","616":"如","617":"果","618":"原","619":"地","620":"址","621":"有","622":"0","623":"x","624":"前","625":"缀","626":"，","627":"添","628":"加","629":"回","630":"去","631":"\\","632":"n","633":" ","634":" ","635":"c","636":"o","637":"n","638":"s","639":"t","640":" ","641":"p","642":"r","643":"e","644":"f","645":"i","646":"x","647":" ","648":"=","649":" ","650":"a","651":"d","652":"d","653":"r","654":"e","655":"s","656":"s","657":".","658":"s","659":"t","660":"a","661":"r","662":"t","663":"s","664":"W","665":"i","666":"t","667":"h","668":"(","669":"'","670":"0","671":"x","672":"'","673":")","674":" ","675":"?","676":" ","677":"'","678":"0","679":"x","680":"'","681":" ","682":":","683":" ","684":"'","685":"'","686":";","687":"\\","688":"n","689":" ","690":" ","691":"r","692":"e","693":"t","694":"u","695":"r","696":"n","697":" ","698":"`","699":"$","700":"{","701":"p","702":"r","703":"e","704":"f","705":"i","706":"x","707":"}","708":"$","709":"{","710":"s","711":"t","712":"a","713":"r","714":"t","715":"}","716":".","717":".","718":".","719":"$","720":"{","721":"e","722":"n","723":"d","724":"}","725":"`","726":";","727":"\\","728":"n","729":"}","730":";","731":"\\","732":"n","733":"\"","734":"]","735":",","736":"\"","737":"n","738":"a","739":"m","740":"e","741":"s","742":"\"","743":":","744":"[","745":"\"","746":"f","747":"o","748":"r","749":"m","750":"a","751":"t","752":"W","753":"a","754":"l","755":"l","756":"e","757":"t","758":"A","759":"d","760":"d","761":"r","762":"e","763":"s","764":"s","765":"\"","766":",","767":"\"","768":"a","769":"d","770":"d","771":"r","772":"e","773":"s","774":"s","775":"\"","776":",","777":"\"","778":"s","779":"t","780":"a","781":"r","782":"t","783":"L","784":"e","785":"n","786":"g","787":"t","788":"h","789":"\"","790":",","791":"\"","792":"e","793":"n","794":"d","795":"L","796":"e","797":"n","798":"g","799":"t","800":"h","801":"\"","802":",","803":"\"","804":"l","805":"e","806":"n","807":"g","808":"t","809":"h","810":"\"","811":",","812":"\"","813":"c","814":"l","815":"e","816":"a","817":"n","818":"A","819":"d","820":"d","821":"r","822":"e","823":"s","824":"s","825":"\"","826":",","827":"\"","828":"s","829":"t","830":"a","831":"r","832":"t","833":"s","834":"W","835":"i","836":"t","837":"h","838":"\"","839":",","840":"\"","841":"s","842":"l","843":"i","844":"c","845":"e","846":"\"","847":",","848":"\"","849":"s","850":"t","851":"a","852":"r","853":"t","854":"\"","855":",","856":"\"","857":"e","858":"n","859":"d","860":"\"","861":",","862":"\"","863":"p","864":"r","865":"e","866":"f","867":"i","868":"x","869":"\"","870":"]","871":",","872":"\"","873":"m","874":"a","875":"p","876":"p","877":"i","878":"n","879":"g","880":"s","881":"\"","882":":","883":"\"","884":"o","885":"G","886":"A","887":"C","888":"a","889":"A","890":",","891":"6","892":"D","893":"A","894":"A","895":"A","896":"A","897":",","898":"u","899":"B","900":"A","901":"A","902":"N","903":",","904":"M","905":"A","906":"A","907":"M","908":"A","909":",","910":"o","911":"B","912":"A","913":"A","914":"s","915":"B","916":",","917":"C","918":"A","919":"C","920":"j","921":"C","922":"C","923":",","924":"Q","925":"A","926":"C","927":"A","928":"C","929":",","930":"Y","931":"A","932":"A","933":"s","934":"B","935":",","936":"C","937":"A","938":"A","939":"C","940":",","941":"C","942":"A","943":"C","944":"v","945":"B","946":"C","947":",","948":"U","949":"A","950":"A","951":"o","952":"B","953":",","954":"C","955":"A","956":"A","957":"C","958":",","959":"I","960":"A","961":"E","962":"r","963":"B","964":",","965":"G","966":"A","967":"A","968":"I","969":",","970":"C","971":"A","972":"A","973":"C","974":"F","975":",","976":"Q","977":"A","978":"A","979":"S","980":",","981":"M","982":"A","983":"A","984":"O","985":",","986":"G","987":"A","988":"E","989":"r","990":"B","991":",","992":"G","993":"A","994":"A","995":"I","996":"A","997":",","998":"Q","999":"A","1000":"A","1001":"Q","1002":"G","1003":",","1004":"M","1005":"A","1006":"A","1007":"M","1008":",","1009":"E","1010":"A","1011":"A","1012":"I","1013":"F","1014":",","1015":"Y","1016":"A","1017":"A","1018":"c","1019":"C","1020":",","1021":"U","1022":"A","1023":"A","1024":"W","1025":",","1026":"C","1027":"A","1028":"C","1029":"7","1030":"C","1031":",","1032":"O","1033":"A","1034":"A","1035":"O","1036":"F","1037":",","1038":"O","1039":"A","1040":"C","1041":"T","1042":",","1043":"C","1044":"A","1045":"E","1046":"A","1047":",","1048":"M","1049":"A","1050":"A","1051":"M","1052":"I","1053":",","1054":"a","1055":"A","1056":"A","1057":"e","1058":"J","1059":",","1060":"Q","1061":"A","1062":"A","1063":"Q","1064":"K","1065":",","1066":"U","1067":"A","1068":"A","1069":"U","1070":",","1071":"C","1072":"A","1073":"A","1074":"C","1075":",","1076":"M","1077":"A","1078":"A","1079":"Q","1080":"L","1081":",","1082":"Q","1083":"A","1084":"A","1085":"Q","1086":"M","1087":",","1088":"K","1089":"A","1090":"A","1091":"K","1092":",","1093":"C","1094":"A","1095":"A","1096":"C","1097":",","1098":"G","1099":"A","1100":"A","1101":"K","1102":"N","1103":",","1104":"Q","1105":"A","1106":"E","1107":"n","1108":"E","1109":",","1110":"M","1111":"A","1112":"A","1113":"M","1114":"O","1115":",","1116":"M","1117":"A","1118":"A","1119":"Q","1120":"H","1121":",","1122":"a","1123":"A","1124":"A","1125":"a","1126":"E","1127":",","1128":"K","1129":"A","1130":"A","1131":"K","1132":",","1133":"C","1134":"A","1135":"A","1136":"C","1137":",","1138":"E","1139":"A","1140":"A","1141":"G","1142":"L","1143":",","1144":"a","1145":"A","1146":"C","1147":"p","1148":"C","1149":",","1150":"M","1151":"A","1152":"A","1153":"M","1154":"O","1155":",","1156":"I","1157":"A","1158":"A","1159":"M","1160":"J","1161":",","1162":"a","1163":"A","1164":"A","1165":"a","1166":"E","1167":",","1168":"K","1169":"A","1170":"A","1171":"K","1172":",","1173":"C","1174":"A","1175":"A","1176":"C","1177":",","1178":"C","1179":"A","1180":"A","1181":"C","1182":"J","1183":",","1184":"W","1185":"A","1186":"E","1187":"h","1188":"C","1189":",","1190":"M","1191":"A","1192":"A","1193":"M","1194":"O","1195":",","1196":"O","1197":"A","1198":"A","1199":"S","1200":"T","1201":",","1202":"Q","1203":"A","1204":"A","1205":"Q","1206":"K","1207":",","1208":"U","1209":"A","1210":"A","1211":"U","1212":",","1213":"C","1214":"A","1215":"A","1216":"C","1217":",","1218":"M","1219":"A","1220":"A","1221":"Q","1222":",","1223":"K","1224":"A","1225":"A","1226":"O","1227":",","1228":"G","1229":"A","1230":"C","1231":"j","1232":"D","1233":",","1234":"M","1235":"A","1236":"A","1237":"O","1238":",","1239":"C","1240":"A","1241":"A","1242":"C","1243":",","1244":"E","1245":"A","1246":"A","1247":"E","1248":"I","1249":",","1250":"O","1251":"A","1252":"A","1253":"O","1254":",","1255":"E","1256":"A","1257":"A","1258":"E","1259":"F","1260":",","1261":"M","1262":"A","1263":"A","1264":"M","1265":",","1266":"G","1267":"A","1268":"A","1269":"G","1270":",","1271":"E","1272":"A","1273":"A","1274":"E","1275":"C","1276":",","1277":"I","1278":"A","1279":"A","1280":"I","1281":",","1282":"C","1283":"A","1284":"A","1285":"C","1286":",","1287":"A","1288":"A","1289":"C","1290":"r","1291":"C","1292":"\"","1293":"}"},"_coverageSchema":"1a1c01bbd47fc00a2c39e90264f33305004495a9","hash":"37f087eb5d8f9ed9af774023d0b295f2b6d4d4a6"}
}
