{
  "numFailedTestSuites": 0,
  "numFailedTests": 0,
  "numPassedTestSuites": 1,
  "numPassedTests": 2,
  "numPendingTestSuites": 0,
  "numPendingTests": 0,
  "numRuntimeErrorTestSuites": 0,
  "numTodoTests": 0,
  "numTotalTestSuites": 1,
  "numTotalTests": 2,
  "openHandles": [],
  "snapshot": {
    "added": 0,
    "didUpdate": false,
    "failure": false,
    "filesAdded": 0,
    "filesRemoved": 0,
    "filesRemovedList": [],
    "filesUnmatched": 0,
    "filesUpdated": 0,
    "matched": 0,
    "total": 0,
    "unchecked": 0,
    "uncheckedKeysByFile": [],
    "unmatched": 0,
    "updated": 0
  },
  "startTime": 1758463613538,
  "success": false,
  "testResults": [
    {
      "leaks": false,
      "numFailingTests": 0,
      "numPassingTests": 2,
      "numPendingTests": 0,
      "numTodoTests": 0,
      "openHandles": [],
      "perfStats": {
        "end": 1758463613634,
        "loadTestEnvironmentEnd": 1758463613577,
        "loadTestEnvironmentStart": 1758463613562,
        "runtime": 57,
        "setupAfterEnvEnd": 1758463613629,
        "setupAfterEnvStart": 1758463613623,
        "setupFilesEnd": 1758463613577,
        "setupFilesStart": 1758463613577,
        "slow": false,
        "start": 1758463613577
      },
      "skipped": false,
      "snapshot": {
        "added": 0,
        "fileDeleted": false,
        "matched": 0,
        "unchecked": 0,
        "uncheckedKeys": [],
        "unmatched": 0,
        "updated": 0
      },
      "testFilePath": "/Users/mingyuezhang/Desktop/study/yidengxuexi/my-test-spa/tests/unit/formatwallet.spec.ts",
      "testResults": [
        {
          "ancestorTitles": [
            "formatWalletAddress 函数测试",
            "基本功能测试"
          ],
          "duration": 3,
          "failing": false,
          "failureDetails": [],
          "failureMessages": [],
          "fullName": "formatWalletAddress 函数测试 基本功能测试 应该正确格式化标准的以太坊地址（带0x前缀）",
          "invocations": 1,
          "location": null,
          "numPassingAsserts": 1,
          "retryReasons": [],
          "startAt": 1758463613630,
          "status": "passed",
          "title": "应该正确格式化标准的以太坊地址（带0x前缀）"
        },
        {
          "ancestorTitles": [
            "formatWalletAddress 函数测试",
            "前缀处理测试"
          ],
          "duration": 0,
          "failing": false,
          "failureDetails": [],
          "failureMessages": [],
          "fullName": "formatWalletAddress 函数测试 前缀处理测试 应该保留原有的0x前缀",
          "invocations": 1,
          "location": null,
          "numPassingAsserts": 2,
          "retryReasons": [],
          "startAt": 1758463613634,
          "status": "passed",
          "title": "应该保留原有的0x前缀"
        }
      ],
      "failureMessage": null
    }
  ],
  "wasInterrupted": false
}